<?xml version="1.0" encoding="UTF-8"?>
<!-- Generated by org.testng.reporters.JUnitReportReporter -->
<testsuite hostname="PRASHANT" failures="0" tests="1" name="com.AgileCrmAutomation.DahboardTestCases" time="0.183" errors="0" timestamp="2022-10-21T22:18:57 IST" skipped="0">
  <testcase classname="com.AgileCrmAutomation.DahboardTestCases" name="verifyEvent" time="0.183"/>
  <system-out/>
</testsuite> <!-- com.AgileCrmAutomation.DahboardTestCases -->
